<?xml version="1.0" encoding="UTF-8"?>
<!-- Generated by org.testng.reporters.JUnitReportReporter -->
<testsuite hostname="smenedi-mbp" failures="0" tests="1" name="stepdefinitions.Login" time="0.015" errors="0" timestamp="2023-03-03T14:01:16 PST" skipped="0">
  <testcase classname="stepdefinitions.Login" name="testingLog" time="0.015"/>
  <system-out/>
</testsuite> <!-- stepdefinitions.Login -->
